#
# There is insufficient memory for the Java Runtime Environment to continue.
# Native memory allocation (malloc) failed to allocate 1048576 bytes for AllocateHeap
# Possible reasons:
#   The system is out of physical RAM or swap space
#   In 32 bit mode, the process size limit was hit
# Possible solutions:
#   Reduce memory load on the system
#   Increase physical memory or swap space
#   Check if swap backing store is full
#   Use 64 bit Java on a 64 bit OS
#   Decrease Java heap size (-Xmx/-Xms)
#   Decrease number of Java threads
#   Decrease Java thread stack sizes (-Xss)
#   Set larger code cache with -XX:ReservedCodeCacheSize=
# This output file may be truncated or incomplete.
#
#  Out of Memory Error (memory/allocation.inline.hpp:61), pid=33004, tid=0x0000000000006a24
#
# JRE version:  (8.0_111-b14) (build )
# Java VM: Java HotSpot(TM) 64-Bit Server VM (25.111-b14 mixed mode windows-amd64 compressed oops)
# Failed to write core dump. Minidumps are not enabled by default on client versions of Windows
#

---------------  T H R E A D  ---------------

Current thread (0x00000000027f0800):  JavaThread "Unknown thread" [_thread_in_vm, id=27172, stack(0x0000000002630000,0x0000000002730000)]

Stack: [0x0000000002630000,0x0000000002730000]
[error occurred during error reporting (printing stack bounds), id 0xc0000005]

Native frames: (J=compiled Java code, j=interpreted, Vv=VM code, C=native code)


---------------  P R O C E S S  ---------------

Java Threads: ( => current thread )

Other Threads:

=>0x00000000027f0800 (exited) JavaThread "Unknown thread" [_thread_in_vm, id=27172, stack(0x0000000002630000,0x0000000002730000)]

VM state:not at safepoint (normal execution)

VM Mutex/Monitor currently owned by a thread: None

Heap:
 PSYoungGen      total 38400K, used 665K [0x00000000d5f00000, 0x00000000d8980000, 0x0000000100000000)
  eden space 33280K, 2% used [0x00000000d5f00000,0x00000000d5fa6670,0x00000000d7f80000)
  from space 5120K, 0% used [0x00000000d8480000,0x00000000d8480000,0x00000000d8980000)
  to   space 5120K, 0% used [0x00000000d7f80000,0x00000000d7f80000,0x00000000d8480000)
 ParOldGen       total 87552K, used 0K [0x0000000081c00000, 0x0000000087180000, 0x00000000d5f00000)
  object space 87552K, 0% used [0x0000000081c00000,0x0000000081c00000,0x0000000087180000)
 Metaspace       used 746K, capacity 4480K, committed 4480K, reserved 1056768K
  class space    used 75K, capacity 384K, committed 384K, reserved 1048576K

Card table byte_map: [0x0000000011d70000,0x0000000012170000] byte_map_base: 0x0000000011962000

Marking Bits: (ParMarkBitMap*) 0x000000006c04a6c0
 Begin Bits: [0x0000000012820000, 0x00000000147b0000)
 End Bits:   [0x00000000147b0000, 0x0000000016740000)

Polling page: 0x0000000000f00000

CodeCache: size=245760Kb used=328Kb max_used=328Kb free=245431Kb
 bounds [0x00000000029b0000, 0x0000000002c20000, 0x00000000119b0000]
 total_blobs=58 nmethods=0 adapters=38
 compilation: enabled

Compilation events (0 events):
No events

GC Heap History (0 events):
No events

Deoptimization events (0 events):
No events

Internal exceptions (0 events):
No events

Events (10 events):
Event: 0.036 loading class java/lang/Short
Event: 0.036 loading class java/lang/Short done
Event: 0.036 loading class java/lang/Integer
Event: 0.036 loading class java/lang/Integer done
Event: 0.036 loading class java/lang/Long
Event: 0.036 loading class java/lang/Long done
Event: 0.037 loading class java/lang/NullPointerException
Event: 0.037 loading class java/lang/NullPointerException done
Event: 0.037 loading class java/lang/ArithmeticException
Event: 0.037 loading class java/lang/ArithmeticException done


Dynamic libraries:
0x00007ff63dab0000 - 0x00007ff63dae7000 	C:\Program Files\Java\jre1.8.0_111\bin\javaw.exe
0x00007ff949e80000 - 0x00007ff94a061000 	C:\WINDOWS\SYSTEM32\ntdll.dll
0x00007ff947bb0000 - 0x00007ff947c61000 	C:\WINDOWS\System32\KERNEL32.DLL
0x00007ff946370000 - 0x00007ff9465e3000 	C:\WINDOWS\System32\KERNELBASE.dll
0x00007ff9499d0000 - 0x00007ff949a71000 	C:\WINDOWS\System32\ADVAPI32.dll
0x00007ff949820000 - 0x00007ff9498be000 	C:\WINDOWS\System32\msvcrt.dll
0x00007ff9498c0000 - 0x00007ff94991b000 	C:\WINDOWS\System32\sechost.dll
0x00007ff949aa0000 - 0x00007ff949bc4000 	C:\WINDOWS\System32\RPCRT4.dll
0x00007ff947320000 - 0x00007ff9474b1000 	C:\WINDOWS\System32\USER32.dll
0x00007ff946230000 - 0x00007ff946250000 	C:\WINDOWS\System32\win32u.dll
0x00007ff947aa0000 - 0x00007ff947ac8000 	C:\WINDOWS\System32\GDI32.dll
0x00007ff946640000 - 0x00007ff9467d1000 	C:\WINDOWS\System32\gdi32full.dll
0x00007ff946250000 - 0x00007ff9462ef000 	C:\WINDOWS\System32\msvcp_win.dll
0x00007ff9469d0000 - 0x00007ff946ac8000 	C:\WINDOWS\System32\ucrtbase.dll
0x00007ff92e160000 - 0x00007ff92e3c9000 	C:\WINDOWS\WinSxS\amd64_microsoft.windows.common-controls_6595b64144ccf1df_6.0.17134.1130_none_d3ff42617c90becf\COMCTL32.dll
0x00007ff9474d0000 - 0x00007ff9477f1000 	C:\WINDOWS\System32\combase.dll
0x00007ff9462f0000 - 0x00007ff946369000 	C:\WINDOWS\System32\bcryptPrimitives.dll
0x00007ff9472f0000 - 0x00007ff94731d000 	C:\WINDOWS\System32\IMM32.DLL
0x000000006b4f0000 - 0x000000006b5c2000 	C:\Program Files\Java\jre1.8.0_111\bin\msvcr100.dll
0x000000006b830000 - 0x000000006c0ca000 	C:\Program Files\Java\jre1.8.0_111\bin\server\jvm.dll
0x00007ff947ba0000 - 0x00007ff947ba8000 	C:\WINDOWS\System32\PSAPI.DLL
0x00007ff943fb0000 - 0x00007ff943fd3000 	C:\WINDOWS\SYSTEM32\WINMM.dll
0x00007ff93a880000 - 0x00007ff93a889000 	C:\WINDOWS\SYSTEM32\WSOCK32.dll
0x00007ff93a610000 - 0x00007ff93a61a000 	C:\WINDOWS\SYSTEM32\VERSION.dll
0x00007ff947b30000 - 0x00007ff947b9c000 	C:\WINDOWS\System32\WS2_32.dll
0x00007ff943f80000 - 0x00007ff943faa000 	C:\WINDOWS\SYSTEM32\winmmbase.dll
0x00007ff9465f0000 - 0x00007ff946639000 	C:\WINDOWS\System32\cfgmgr32.dll
0x000000006b820000 - 0x000000006b82f000 	C:\Program Files\Java\jre1.8.0_111\bin\verify.dll
0x000000006b7f0000 - 0x000000006b819000 	C:\Program Files\Java\jre1.8.0_111\bin\java.dll
0x000000006b7d0000 - 0x000000006b7e6000 	C:\Program Files\Java\jre1.8.0_111\bin\zip.dll

VM Arguments:
jvm_args: -Dfile.encoding=Cp1252 
java_command: Demo
java_class_path (initial): C:\Users\Deepak.Maurya\Documents\workspace-sts-3.9.10.RELEASE\store-discount-system\target\classes
Launcher Type: SUN_STANDARD

Environment Variables:
PATH=C:/Program Files/Java/jre1.8.0_111/bin/server;C:/Program Files/Java/jre1.8.0_111/bin;C:/Program Files/Java/jre1.8.0_111/lib/amd64;C:\ProgramData\Oracle\Java\javapath;C:\WINDOWS\system32;C:\WINDOWS;C:\WINDOWS\System32\Wbem;C:\WINDOWS\System32\WindowsPowerShell\v1.0\;C:\WINDOWS\System32\OpenSSH\;C:\Users\Deepak.Maurya\AppData\Local\Microsoft\WindowsApps;;C:\Users\Deepak.Maurya\Desktop\spring-tool-suite-3.9.10.RELEASE-e4.13.0-win32-x86_64\sts-bundle\sts-3.9.10.RELEASE;
USERNAME=Deepak.Maurya
OS=Windows_NT
PROCESSOR_IDENTIFIER=Intel64 Family 6 Model 42 Stepping 7, GenuineIntel



---------------  S Y S T E M  ---------------

OS: Windows 10.0 , 64 bit Build 17134 (10.0.17134.753)

CPU:total 4 (4 cores per cpu, 1 threads per core) family 6 model 42 stepping 7, cmov, cx8, fxsr, mmx, sse, sse2, sse3, ssse3, sse4.1, sse4.2, popcnt, avx, aes, clmul, tsc, tscinvbit

Memory: 4k page, physical 8266764k(513700k free), swap 16010556k(6164k free)

vm_info: Java HotSpot(TM) 64-Bit Server VM (25.111-b14) for windows-amd64 JRE (1.8.0_111-b14), built on Sep 22 2016 19:24:05 by "java_re" with MS VC++ 10.0 (VS2010)

time: Thu Dec 19 13:08:07 2019
elapsed time: 0 seconds (0d 0h 0m 0s)

